<?xml version="1.0" encoding="UTF-8"?>
<!-- Generated by org.testng.reporters.JUnitReportReporter -->
<testsuite hostname="LAPTOP-V3JTNCDJ" failures="0" tests="1" name="testing.testcases.AddCustomerTest" time="0.717" errors="0" timestamp="25 Mar. 2021 12:58:07 GMT" skipped="0">
  <testcase classname="testing.testcases.AddCustomerTest" name="addCustomer" time="0.717"/>
</testsuite> <!-- testing.testcases.AddCustomerTest -->
