<?xml version="1.0" encoding="UTF-8"?>
<!-- Generated by org.testng.reporters.JUnitReportReporter -->
<testsuite hostname="LAPTOP-V3JTNCDJ" failures="0" tests="1" name="testing.testcases.LoginTest" time="3.632" errors="0" timestamp="2021-03-22T09:55:50 EDT" skipped="0">
  <testcase classname="testing.testcases.LoginTest" name="loginAsBankManager" time="3.632"/>
  <system-out/>
</testsuite> <!-- testing.testcases.LoginTest -->
